[1223/152702.911:ERROR:directory_reader_win.cc(43)] FindFirstFile: The system cannot find the path specified. (0x3)
[0107/174025.867:ERROR:directory_reader_win.cc(43)] FindFirstFile: The system cannot find the path specified. (0x3)
[0107/223110.267:ERROR:directory_reader_win.cc(43)] FindFirstFile: The system cannot find the path specified. (0x3)
[0122/205453.906:ERROR:directory_reader_win.cc(43)] FindFirstFile: The system cannot find the path specified. (0x3)
[0123/010207.390:ERROR:directory_reader_win.cc(43)] FindFirstFile: The system cannot find the path specified. (0x3)
[0125/020318.848:ERROR:process_reader_win.cc(151)] SuspendThread: Access is denied. (0x5)
[0125/020318.848:ERROR:process_reader_win.cc(151)] SuspendThread: Access is denied. (0x5)
[0125/020318.848:ERROR:process_reader_win.cc(151)] SuspendThread: Access is denied. (0x5)
[0125/020318.848:ERROR:process_reader_win.cc(151)] SuspendThread: Access is denied. (0x5)
[0125/020318.848:ERROR:process_reader_win.cc(151)] SuspendThread: Access is denied. (0x5)
[0125/020318.848:ERROR:process_reader_win.cc(151)] SuspendThread: Access is denied. (0x5)
[0125/020318.848:ERROR:process_reader_win.cc(151)] SuspendThread: Access is denied. (0x5)
[0125/020318.856:ERROR:process_reader_win.cc(151)] SuspendThread: Access is denied. (0x5)
[0125/020318.856:ERROR:process_reader_win.cc(151)] SuspendThread: Access is denied. (0x5)
[0125/020318.856:ERROR:process_reader_win.cc(151)] SuspendThread: Access is denied. (0x5)
[0125/020318.856:ERROR:process_reader_win.cc(151)] SuspendThread: Access is denied. (0x5)
[0125/020318.856:ERROR:process_reader_win.cc(151)] SuspendThread: Access is denied. (0x5)
[0125/020318.856:ERROR:process_reader_win.cc(151)] SuspendThread: Access is denied. (0x5)
[0125/020318.864:ERROR:process_reader_win.cc(151)] SuspendThread: Access is denied. (0x5)
[0125/020318.864:ERROR:process_reader_win.cc(151)] SuspendThread: Access is denied. (0x5)
[0125/020318.888:ERROR:process_reader_win.cc(151)] SuspendThread: Access is denied. (0x5)
[0125/020318.888:ERROR:process_reader_win.cc(151)] SuspendThread: Access is denied. (0x5)
[0125/020318.912:ERROR:process_reader_win.cc(151)] SuspendThread: Access is denied. (0x5)
[0125/020318.912:ERROR:process_reader_win.cc(151)] SuspendThread: Access is denied. (0x5)
[0125/020318.912:ERROR:process_reader_win.cc(151)] SuspendThread: Access is denied. (0x5)
[0125/020318.912:ERROR:process_reader_win.cc(151)] SuspendThread: Access is denied. (0x5)
[0125/020318.912:ERROR:process_reader_win.cc(151)] SuspendThread: Access is denied. (0x5)
[0125/020318.912:ERROR:process_reader_win.cc(151)] SuspendThread: Access is denied. (0x5)
[0125/020318.912:ERROR:process_reader_win.cc(151)] SuspendThread: Access is denied. (0x5)
[0125/020318.912:ERROR:process_reader_win.cc(151)] SuspendThread: Access is denied. (0x5)
[0125/020318.912:ERROR:process_reader_win.cc(151)] SuspendThread: Access is denied. (0x5)
[0125/020318.864:ERROR:process_reader_win.cc(123)] NtOpenThread: {Access Denied} A process has requested access to an object, but has not been granted those access rights. (0xc0000022)
[0125/020318.912:ERROR:exception_snapshot_win.cc(99)] thread ID 26896 not found in process
[0125/020318.912:ERROR:process_reader_win.cc(151)] SuspendThread: Access is denied. (0x5)
[0125/020318.912:ERROR:process_reader_win.cc(151)] SuspendThread: Access is denied. (0x5)
[0125/020318.912:ERROR:process_reader_win.cc(151)] SuspendThread: Access is denied. (0x5)
[0125/020318.888:ERROR:process_reader_win.cc(123)] NtOpenThread: {Access Denied} A process has requested access to an object, but has not been granted those access rights. (0xc0000022)
[0125/020318.912:ERROR:process_reader_win.cc(151)] SuspendThread: Access is denied. (0x5)
[0125/020318.912:ERROR:exception_snapshot_win.cc(99)] thread ID 24124 not found in process
[0125/020318.912:ERROR:process_reader_win.cc(123)] NtOpenThread: {Access Denied} A process has requested access to an object, but has not been granted those access rights. (0xc0000022)
[0125/020318.912:ERROR:exception_snapshot_win.cc(99)] thread ID 26268 not found in process
[0125/020318.912:ERROR:process_reader_win.cc(151)] SuspendThread: Access is denied. (0x5)
[0125/020318.920:ERROR:process_reader_win.cc(151)] SuspendThread: Access is denied. (0x5)
[0125/020318.920:ERROR:process_reader_win.cc(151)] SuspendThread: Access is denied. (0x5)
[0125/020318.920:ERROR:process_reader_win.cc(151)] SuspendThread: Access is denied. (0x5)
[0125/020318.920:ERROR:process_reader_win.cc(151)] SuspendThread: Access is denied. (0x5)
[0125/020318.920:ERROR:process_reader_win.cc(151)] SuspendThread: Access is denied. (0x5)
[0125/020318.920:ERROR:process_reader_win.cc(151)] SuspendThread: Access is denied. (0x5)
[0125/020318.920:ERROR:process_reader_win.cc(151)] SuspendThread: Access is denied. (0x5)
[0125/020318.920:ERROR:process_reader_win.cc(151)] SuspendThread: Access is denied. (0x5)
[0125/020318.920:ERROR:process_reader_win.cc(151)] SuspendThread: Access is denied. (0x5)
[0125/020318.920:ERROR:process_reader_win.cc(151)] SuspendThread: Access is denied. (0x5)
[0125/020318.920:ERROR:process_reader_win.cc(151)] SuspendThread: Access is denied. (0x5)
[0125/020318.920:ERROR:process_reader_win.cc(151)] SuspendThread: Access is denied. (0x5)
[0125/020318.920:ERROR:process_reader_win.cc(123)] NtOpenThread: {Access Denied} A process has requested access to an object, but has not been granted those access rights. (0xc0000022)
[0125/020318.920:ERROR:exception_snapshot_win.cc(99)] thread ID 13196 not found in process
[0125/020318.936:ERROR:process_reader_win.cc(151)] SuspendThread: Access is denied. (0x5)
[0125/020318.936:ERROR:process_reader_win.cc(151)] SuspendThread: Access is denied. (0x5)
[0125/020318.936:ERROR:process_reader_win.cc(151)] SuspendThread: Access is denied. (0x5)
[0125/020318.936:ERROR:process_reader_win.cc(151)] SuspendThread: Access is denied. (0x5)
[0125/020318.936:ERROR:process_reader_win.cc(151)] SuspendThread: Access is denied. (0x5)
[0125/020318.936:ERROR:process_reader_win.cc(151)] SuspendThread: Access is denied. (0x5)
[0125/020318.936:ERROR:process_reader_win.cc(151)] SuspendThread: Access is denied. (0x5)
[0125/020318.936:ERROR:process_reader_win.cc(151)] SuspendThread: Access is denied. (0x5)
[0125/020318.936:ERROR:process_reader_win.cc(151)] SuspendThread: Access is denied. (0x5)
[0125/020318.944:ERROR:process_reader_win.cc(151)] SuspendThread: Access is denied. (0x5)
[0125/020318.944:ERROR:process_reader_win.cc(151)] SuspendThread: Access is denied. (0x5)
[0125/020318.944:ERROR:process_reader_win.cc(151)] SuspendThread: Access is denied. (0x5)
[0125/020318.944:ERROR:process_reader_win.cc(151)] SuspendThread: Access is denied. (0x5)
[0125/020318.944:ERROR:process_reader_win.cc(151)] SuspendThread: Access is denied. (0x5)
[0125/020318.944:ERROR:process_reader_win.cc(151)] SuspendThread: Access is denied. (0x5)
[0125/020318.944:ERROR:process_reader_win.cc(151)] SuspendThread: Access is denied. (0x5)
[0125/020318.944:ERROR:process_reader_win.cc(151)] SuspendThread: Access is denied. (0x5)
[0125/020318.944:ERROR:process_reader_win.cc(151)] SuspendThread: Access is denied. (0x5)
[0125/020318.944:ERROR:process_reader_win.cc(151)] SuspendThread: Access is denied. (0x5)
[0125/020318.944:ERROR:process_reader_win.cc(151)] SuspendThread: Access is denied. (0x5)
[0125/020318.944:ERROR:process_reader_win.cc(151)] SuspendThread: Access is denied. (0x5)
[0125/020318.944:ERROR:process_reader_win.cc(151)] SuspendThread: Access is denied. (0x5)
[0125/020318.944:ERROR:process_reader_win.cc(151)] SuspendThread: Access is denied. (0x5)
[0125/020318.944:ERROR:process_reader_win.cc(151)] SuspendThread: Access is denied. (0x5)
[0125/020318.944:ERROR:process_reader_win.cc(151)] SuspendThread: Access is denied. (0x5)
[0125/020318.944:ERROR:process_reader_win.cc(151)] SuspendThread: Access is denied. (0x5)
[0125/020318.944:ERROR:process_reader_win.cc(151)] SuspendThread: Access is denied. (0x5)
[0125/020318.944:ERROR:process_reader_win.cc(151)] SuspendThread: Access is denied. (0x5)
[0125/020318.944:ERROR:process_reader_win.cc(151)] SuspendThread: Access is denied. (0x5)
[0125/020318.944:ERROR:process_reader_win.cc(151)] SuspendThread: Access is denied. (0x5)
[0125/020318.944:ERROR:process_reader_win.cc(151)] SuspendThread: Access is denied. (0x5)
[0125/020318.944:ERROR:process_reader_win.cc(151)] SuspendThread: Access is denied. (0x5)
[0125/020318.944:ERROR:process_reader_win.cc(151)] SuspendThread: Access is denied. (0x5)
[0125/020318.944:ERROR:process_reader_win.cc(151)] SuspendThread: Access is denied. (0x5)
[0125/020318.944:ERROR:process_reader_win.cc(151)] SuspendThread: Access is denied. (0x5)
[0125/020318.944:ERROR:process_reader_win.cc(151)] SuspendThread: Access is denied. (0x5)
[0125/020318.944:ERROR:process_reader_win.cc(151)] SuspendThread: Access is denied. (0x5)
[0125/020318.944:ERROR:process_reader_win.cc(151)] SuspendThread: Access is denied. (0x5)
[0125/020318.944:ERROR:process_reader_win.cc(151)] SuspendThread: Access is denied. (0x5)
[0125/020318.944:ERROR:process_reader_win.cc(123)] NtOpenThread: {Access Denied} A process has requested access to an object, but has not been granted those access rights. (0xc0000022)
[0125/020318.944:ERROR:process_reader_win.cc(151)] SuspendThread: Access is denied. (0x5)
[0125/020318.944:ERROR:process_reader_win.cc(151)] SuspendThread: Access is denied. (0x5)
[0125/020318.944:ERROR:exception_snapshot_win.cc(99)] thread ID 2876 not found in process
[0125/020318.944:ERROR:process_reader_win.cc(151)] SuspendThread: Access is denied. (0x5)
[0125/020318.944:ERROR:process_reader_win.cc(151)] SuspendThread: Access is denied. (0x5)
[0125/020318.944:ERROR:process_reader_win.cc(123)] NtOpenThread: {Access Denied} A process has requested access to an object, but has not been granted those access rights. (0xc0000022)
[0125/020318.944:ERROR:process_reader_win.cc(151)] SuspendThread: Access is denied. (0x5)
[0125/020318.944:ERROR:exception_snapshot_win.cc(99)] thread ID 26220 not found in process
[0125/020318.944:ERROR:process_reader_win.cc(123)] NtOpenThread: {Access Denied} A process has requested access to an object, but has not been granted those access rights. (0xc0000022)
[0125/020318.944:ERROR:exception_snapshot_win.cc(99)] thread ID 22784 not found in process
[0125/020318.968:ERROR:process_reader_win.cc(151)] SuspendThread: Access is denied. (0x5)
[0125/020318.968:ERROR:process_reader_win.cc(151)] SuspendThread: Access is denied. (0x5)
[0125/020318.968:ERROR:process_reader_win.cc(151)] SuspendThread: Access is denied. (0x5)
[0125/020318.968:ERROR:process_reader_win.cc(151)] SuspendThread: Access is denied. (0x5)
[0125/020318.968:ERROR:process_reader_win.cc(151)] SuspendThread: Access is denied. (0x5)
[0125/020318.968:ERROR:process_reader_win.cc(151)] SuspendThread: Access is denied. (0x5)
[0125/020318.968:ERROR:process_reader_win.cc(151)] SuspendThread: Access is denied. (0x5)
[0125/020318.968:ERROR:process_reader_win.cc(151)] SuspendThread: Access is denied. (0x5)
[0125/020318.968:ERROR:process_reader_win.cc(151)] SuspendThread: Access is denied. (0x5)
[0125/020318.968:ERROR:process_reader_win.cc(151)] SuspendThread: Access is denied. (0x5)
[0125/020318.968:ERROR:process_reader_win.cc(151)] SuspendThread: Access is denied. (0x5)
[0125/020318.968:ERROR:process_reader_win.cc(151)] SuspendThread: Access is denied. (0x5)
[0125/020318.968:ERROR:process_reader_win.cc(151)] SuspendThread: Access is denied. (0x5)
[0125/020318.968:ERROR:process_reader_win.cc(123)] NtOpenThread: {Access Denied} A process has requested access to an object, but has not been granted those access rights. (0xc0000022)
[0125/020318.968:ERROR:exception_snapshot_win.cc(99)] thread ID 19344 not found in process
[0125/020318.856:ERROR:process_reader_win.cc(123)] NtOpenThread: {Access Denied} A process has requested access to an object, but has not been granted those access rights. (0xc0000022)
[0125/020318.968:ERROR:exception_snapshot_win.cc(99)] thread ID 23992 not found in process
[0125/020318.968:ERROR:process_reader_win.cc(151)] SuspendThread: Access is denied. (0x5)
[0125/020318.968:ERROR:process_reader_win.cc(151)] SuspendThread: Access is denied. (0x5)
[0125/020318.968:ERROR:process_reader_win.cc(151)] SuspendThread: Access is denied. (0x5)
[0125/020318.968:ERROR:process_reader_win.cc(151)] SuspendThread: Access is denied. (0x5)
[0125/020318.968:ERROR:process_reader_win.cc(151)] SuspendThread: Access is denied. (0x5)
[0125/020318.968:ERROR:process_reader_win.cc(151)] SuspendThread: Access is denied. (0x5)
[0125/020318.968:ERROR:process_reader_win.cc(151)] SuspendThread: Access is denied. (0x5)
[0125/020318.968:ERROR:process_reader_win.cc(151)] SuspendThread: Access is denied. (0x5)
[0125/020318.968:ERROR:process_reader_win.cc(151)] SuspendThread: Access is denied. (0x5)
[0125/020318.968:ERROR:process_reader_win.cc(151)] SuspendThread: Access is denied. (0x5)
[0125/020318.968:ERROR:process_reader_win.cc(151)] SuspendThread: Access is denied. (0x5)
[0125/020318.968:ERROR:process_reader_win.cc(151)] SuspendThread: Access is denied. (0x5)
[0125/020318.968:ERROR:process_reader_win.cc(151)] SuspendThread: Access is denied. (0x5)
[0125/020318.968:ERROR:process_reader_win.cc(123)] NtOpenThread: {Access Denied} A process has requested access to an object, but has not been granted those access rights. (0xc0000022)
[0125/020318.968:ERROR:exception_snapshot_win.cc(99)] thread ID 21476 not found in process
[0125/020318.976:ERROR:process_reader_win.cc(151)] SuspendThread: Access is denied. (0x5)
[0125/020318.976:ERROR:process_reader_win.cc(151)] SuspendThread: Access is denied. (0x5)
[0125/020318.976:ERROR:process_reader_win.cc(151)] SuspendThread: Access is denied. (0x5)
[0125/020318.976:ERROR:process_reader_win.cc(151)] SuspendThread: Access is denied. (0x5)
[0125/020318.976:ERROR:process_reader_win.cc(151)] SuspendThread: Access is denied. (0x5)
[0125/020318.976:ERROR:process_reader_win.cc(151)] SuspendThread: Access is denied. (0x5)
[0125/020318.976:ERROR:process_reader_win.cc(151)] SuspendThread: Access is denied. (0x5)
[0125/020318.976:ERROR:process_reader_win.cc(151)] SuspendThread: Access is denied. (0x5)
[0125/020318.976:ERROR:process_reader_win.cc(151)] SuspendThread: Access is denied. (0x5)
[0125/020318.976:ERROR:process_reader_win.cc(151)] SuspendThread: Access is denied. (0x5)
[0125/020318.976:ERROR:process_reader_win.cc(151)] SuspendThread: Access is denied. (0x5)
[0125/020318.976:ERROR:process_reader_win.cc(151)] SuspendThread: Access is denied. (0x5)
[0125/020318.976:ERROR:process_reader_win.cc(151)] SuspendThread: Access is denied. (0x5)
[0125/020318.976:ERROR:process_reader_win.cc(123)] NtOpenThread: {Access Denied} A process has requested access to an object, but has not been granted those access rights. (0xc0000022)
[0125/020318.976:ERROR:exception_snapshot_win.cc(99)] thread ID 13180 not found in process
[0125/020318.992:ERROR:process_reader_win.cc(151)] SuspendThread: Access is denied. (0x5)
[0125/020318.992:ERROR:process_reader_win.cc(151)] SuspendThread: Access is denied. (0x5)
[0125/020318.992:ERROR:process_reader_win.cc(151)] SuspendThread: Access is denied. (0x5)
[0125/020318.992:ERROR:process_reader_win.cc(151)] SuspendThread: Access is denied. (0x5)
[0125/020318.992:ERROR:process_reader_win.cc(151)] SuspendThread: Access is denied. (0x5)
[0125/020318.992:ERROR:process_reader_win.cc(151)] SuspendThread: Access is denied. (0x5)
[0125/020318.992:ERROR:process_reader_win.cc(151)] SuspendThread: Access is denied. (0x5)
[0125/020318.992:ERROR:process_reader_win.cc(151)] SuspendThread: Access is denied. (0x5)
[0125/020318.992:ERROR:process_reader_win.cc(151)] SuspendThread: Access is denied. (0x5)
[0125/020318.992:ERROR:process_reader_win.cc(151)] SuspendThread: Access is denied. (0x5)
[0125/020318.992:ERROR:process_reader_win.cc(151)] SuspendThread: Access is denied. (0x5)
[0125/020318.992:ERROR:process_reader_win.cc(151)] SuspendThread: Access is denied. (0x5)
[0125/020319.000:ERROR:process_reader_win.cc(151)] SuspendThread: Access is denied. (0x5)
[0125/020319.000:ERROR:process_reader_win.cc(151)] SuspendThread: Access is denied. (0x5)
[0125/020319.000:ERROR:process_reader_win.cc(151)] SuspendThread: Access is denied. (0x5)
[0125/020319.000:ERROR:process_reader_win.cc(151)] SuspendThread: Access is denied. (0x5)
[0125/020319.000:ERROR:process_reader_win.cc(151)] SuspendThread: Access is denied. (0x5)
[0125/020319.000:ERROR:process_reader_win.cc(151)] SuspendThread: Access is denied. (0x5)
[0125/020319.000:ERROR:process_reader_win.cc(151)] SuspendThread: Access is denied. (0x5)
[0125/020319.000:ERROR:process_reader_win.cc(151)] SuspendThread: Access is denied. (0x5)
[0125/020319.000:ERROR:process_reader_win.cc(151)] SuspendThread: Access is denied. (0x5)
[0125/020319.000:ERROR:process_reader_win.cc(123)] NtOpenThread: {Access Denied} A process has requested access to an object, but has not been granted those access rights. (0xc0000022)
[0125/020319.000:ERROR:exception_snapshot_win.cc(99)] thread ID 22744 not found in process
[0125/020319.000:ERROR:process_reader_win.cc(151)] SuspendThread: Access is denied. (0x5)
[0125/020319.000:ERROR:process_reader_win.cc(151)] SuspendThread: Access is denied. (0x5)
[0125/020319.000:ERROR:process_reader_win.cc(151)] SuspendThread: Access is denied. (0x5)
[0125/020319.000:ERROR:process_reader_win.cc(151)] SuspendThread: Access is denied. (0x5)
[0125/020319.000:ERROR:process_reader_win.cc(151)] SuspendThread: Access is denied. (0x5)
[0125/020319.000:ERROR:process_reader_win.cc(123)] NtOpenThread: {Access Denied} A process has requested access to an object, but has not been granted those access rights. (0xc0000022)
[0125/020319.000:ERROR:exception_snapshot_win.cc(99)] thread ID 13424 not found in process
[0125/020319.040:ERROR:process_reader_win.cc(151)] SuspendThread: Access is denied. (0x5)
[0125/020319.040:ERROR:process_reader_win.cc(151)] SuspendThread: Access is denied. (0x5)
[0125/020319.040:ERROR:process_reader_win.cc(151)] SuspendThread: Access is denied. (0x5)
[0125/020319.048:ERROR:process_reader_win.cc(151)] SuspendThread: Access is denied. (0x5)
[0125/020319.048:ERROR:process_reader_win.cc(151)] SuspendThread: Access is denied. (0x5)
[0125/020319.048:ERROR:process_reader_win.cc(151)] SuspendThread: Access is denied. (0x5)
[0125/020319.048:ERROR:process_reader_win.cc(151)] SuspendThread: Access is denied. (0x5)
[0125/020319.048:ERROR:process_reader_win.cc(151)] SuspendThread: Access is denied. (0x5)
[0125/020319.048:ERROR:process_reader_win.cc(151)] SuspendThread: Access is denied. (0x5)
[0125/020319.048:ERROR:process_reader_win.cc(151)] SuspendThread: Access is denied. (0x5)
[0125/020319.048:ERROR:process_reader_win.cc(151)] SuspendThread: Access is denied. (0x5)
[0125/020319.048:ERROR:process_reader_win.cc(151)] SuspendThread: Access is denied. (0x5)
[0125/020319.048:ERROR:process_reader_win.cc(151)] SuspendThread: Access is denied. (0x5)
[0125/020319.048:ERROR:process_reader_win.cc(151)] SuspendThread: Access is denied. (0x5)
[0125/020319.048:ERROR:process_reader_win.cc(151)] SuspendThread: Access is denied. (0x5)
[0125/020319.048:ERROR:process_reader_win.cc(151)] SuspendThread: Access is denied. (0x5)
[0125/020319.048:ERROR:process_reader_win.cc(151)] SuspendThread: Access is denied. (0x5)
[0125/020319.048:ERROR:process_reader_win.cc(151)] SuspendThread: Access is denied. (0x5)
[0125/020319.048:ERROR:process_reader_win.cc(151)] SuspendThread: Access is denied. (0x5)
[0125/020319.048:ERROR:process_reader_win.cc(123)] NtOpenThread: {Access Denied} A process has requested access to an object, but has not been granted those access rights. (0xc0000022)
[0125/020319.048:ERROR:exception_snapshot_win.cc(99)] thread ID 25536 not found in process
[0125/020319.072:ERROR:process_reader_win.cc(151)] SuspendThread: Access is denied. (0x5)
[0125/020319.072:ERROR:process_reader_win.cc(151)] SuspendThread: Access is denied. (0x5)
[0125/020319.072:ERROR:process_reader_win.cc(151)] SuspendThread: Access is denied. (0x5)
[0125/020319.072:ERROR:process_reader_win.cc(151)] SuspendThread: Access is denied. (0x5)
[0125/020319.072:ERROR:process_reader_win.cc(151)] SuspendThread: Access is denied. (0x5)
[0125/020319.072:ERROR:process_reader_win.cc(151)] SuspendThread: Access is denied. (0x5)
[0125/020319.072:ERROR:process_reader_win.cc(151)] SuspendThread: Access is denied. (0x5)
[0125/020319.072:ERROR:process_reader_win.cc(151)] SuspendThread: Access is denied. (0x5)
[0125/020319.072:ERROR:process_reader_win.cc(151)] SuspendThread: Access is denied. (0x5)
[0125/020319.072:ERROR:process_reader_win.cc(151)] SuspendThread: Access is denied. (0x5)
[0125/020319.072:ERROR:process_reader_win.cc(151)] SuspendThread: Access is denied. (0x5)
[0125/020319.072:ERROR:process_reader_win.cc(151)] SuspendThread: Access is denied. (0x5)
[0125/020319.072:ERROR:process_reader_win.cc(151)] SuspendThread: Access is denied. (0x5)
[0125/020319.072:ERROR:process_reader_win.cc(151)] SuspendThread: Access is denied. (0x5)
[0125/020319.072:ERROR:process_reader_win.cc(123)] NtOpenThread: {Access Denied} A process has requested access to an object, but has not been granted those access rights. (0xc0000022)
[0125/020319.072:ERROR:exception_snapshot_win.cc(99)] thread ID 20656 not found in process
[0125/020319.096:ERROR:process_reader_win.cc(151)] SuspendThread: Access is denied. (0x5)
[0125/020319.096:ERROR:process_reader_win.cc(151)] SuspendThread: Access is denied. (0x5)
[0125/020319.096:ERROR:process_reader_win.cc(151)] SuspendThread: Access is denied. (0x5)
[0125/020319.096:ERROR:process_reader_win.cc(151)] SuspendThread: Access is denied. (0x5)
[0125/020319.096:ERROR:process_reader_win.cc(151)] SuspendThread: Access is denied. (0x5)
[0125/020319.096:ERROR:process_reader_win.cc(151)] SuspendThread: Access is denied. (0x5)
[0125/020319.104:ERROR:process_reader_win.cc(151)] SuspendThread: Access is denied. (0x5)
[0125/020319.104:ERROR:process_reader_win.cc(151)] SuspendThread: Access is denied. (0x5)
[0125/020319.104:ERROR:process_reader_win.cc(151)] SuspendThread: Access is denied. (0x5)
[0125/020319.104:ERROR:process_reader_win.cc(151)] SuspendThread: Access is denied. (0x5)
[0125/020319.104:ERROR:process_reader_win.cc(151)] SuspendThread: Access is denied. (0x5)
[0125/020319.104:ERROR:process_reader_win.cc(151)] SuspendThread: Access is denied. (0x5)
[0125/020319.104:ERROR:process_reader_win.cc(151)] SuspendThread: Access is denied. (0x5)
[0125/020319.104:ERROR:process_reader_win.cc(123)] NtOpenThread: {Access Denied} A process has requested access to an object, but has not been granted those access rights. (0xc0000022)
[0125/020319.104:ERROR:exception_snapshot_win.cc(99)] thread ID 1284 not found in process
[0125/020319.112:ERROR:process_reader_win.cc(151)] SuspendThread: Access is denied. (0x5)
[0125/020319.112:ERROR:process_reader_win.cc(151)] SuspendThread: Access is denied. (0x5)
[0125/020319.112:ERROR:process_reader_win.cc(151)] SuspendThread: Access is denied. (0x5)
[0125/020319.112:ERROR:process_reader_win.cc(151)] SuspendThread: Access is denied. (0x5)
[0125/020319.112:ERROR:process_reader_win.cc(151)] SuspendThread: Access is denied. (0x5)
[0125/020319.112:ERROR:process_reader_win.cc(151)] SuspendThread: Access is denied. (0x5)
[0125/020319.112:ERROR:process_reader_win.cc(151)] SuspendThread: Access is denied. (0x5)
[0125/020319.112:ERROR:process_reader_win.cc(151)] SuspendThread: Access is denied. (0x5)
[0125/020319.120:ERROR:process_reader_win.cc(151)] SuspendThread: Access is denied. (0x5)
[0125/020319.120:ERROR:process_reader_win.cc(151)] SuspendThread: Access is denied. (0x5)
[0125/020319.120:ERROR:process_reader_win.cc(151)] SuspendThread: Access is denied. (0x5)
[0125/020319.120:ERROR:process_reader_win.cc(151)] SuspendThread: Access is denied. (0x5)
[0125/020319.120:ERROR:process_reader_win.cc(151)] SuspendThread: Access is denied. (0x5)
[0125/020319.120:ERROR:process_reader_win.cc(123)] NtOpenThread: {Access Denied} A process has requested access to an object, but has not been granted those access rights. (0xc0000022)
[0125/020319.120:ERROR:exception_snapshot_win.cc(99)] thread ID 24356 not found in process
[0125/020319.152:ERROR:process_reader_win.cc(151)] SuspendThread: Access is denied. (0x5)
[0125/020319.152:ERROR:process_reader_win.cc(151)] SuspendThread: Access is denied. (0x5)
[0125/020319.152:ERROR:process_reader_win.cc(151)] SuspendThread: Access is denied. (0x5)
[0125/020319.152:ERROR:process_reader_win.cc(151)] SuspendThread: Access is denied. (0x5)
[0125/020319.152:ERROR:process_reader_win.cc(151)] SuspendThread: Access is denied. (0x5)
[0125/020319.152:ERROR:process_reader_win.cc(151)] SuspendThread: Access is denied. (0x5)
[0125/020319.152:ERROR:process_reader_win.cc(151)] SuspendThread: Access is denied. (0x5)
[0125/020319.152:ERROR:process_reader_win.cc(151)] SuspendThread: Access is denied. (0x5)
[0125/020319.152:ERROR:process_reader_win.cc(151)] SuspendThread: Access is denied. (0x5)
[0125/020319.152:ERROR:process_reader_win.cc(151)] SuspendThread: Access is denied. (0x5)
[0125/020319.152:ERROR:process_reader_win.cc(151)] SuspendThread: Access is denied. (0x5)
[0125/020319.152:ERROR:process_reader_win.cc(151)] SuspendThread: Access is denied. (0x5)
[0125/020319.152:ERROR:process_reader_win.cc(151)] SuspendThread: Access is denied. (0x5)
[0125/020319.152:ERROR:process_reader_win.cc(151)] SuspendThread: Access is denied. (0x5)
[0125/020319.152:ERROR:process_reader_win.cc(151)] SuspendThread: Access is denied. (0x5)
[0125/020319.152:ERROR:process_reader_win.cc(151)] SuspendThread: Access is denied. (0x5)
[0125/020319.152:ERROR:process_reader_win.cc(123)] NtOpenThread: {Access Denied} A process has requested access to an object, but has not been granted those access rights. (0xc0000022)
[0125/020319.152:ERROR:exception_snapshot_win.cc(99)] thread ID 2900 not found in process
[0125/020319.160:ERROR:process_reader_win.cc(151)] SuspendThread: Access is denied. (0x5)
[0125/020319.160:ERROR:process_reader_win.cc(151)] SuspendThread: Access is denied. (0x5)
[0125/020319.160:ERROR:process_reader_win.cc(151)] SuspendThread: Access is denied. (0x5)
[0125/020319.160:ERROR:process_reader_win.cc(151)] SuspendThread: Access is denied. (0x5)
[0125/020319.160:ERROR:process_reader_win.cc(151)] SuspendThread: Access is denied. (0x5)
[0125/020319.160:ERROR:process_reader_win.cc(151)] SuspendThread: Access is denied. (0x5)
[0125/020319.160:ERROR:process_reader_win.cc(151)] SuspendThread: Access is denied. (0x5)
[0125/020319.160:ERROR:process_reader_win.cc(151)] SuspendThread: Access is denied. (0x5)
[0125/020319.160:ERROR:process_reader_win.cc(151)] SuspendThread: Access is denied. (0x5)
[0125/020319.160:ERROR:process_reader_win.cc(151)] SuspendThread: Access is denied. (0x5)
[0125/020319.160:ERROR:process_reader_win.cc(151)] SuspendThread: Access is denied. (0x5)
[0125/020319.160:ERROR:process_reader_win.cc(151)] SuspendThread: Access is denied. (0x5)
[0125/020319.160:ERROR:process_reader_win.cc(151)] SuspendThread: Access is denied. (0x5)
[0125/020319.160:ERROR:process_reader_win.cc(151)] SuspendThread: Access is denied. (0x5)
[0125/020319.160:ERROR:process_reader_win.cc(123)] NtOpenThread: {Access Denied} A process has requested access to an object, but has not been granted those access rights. (0xc0000022)
[0125/020319.160:ERROR:exception_snapshot_win.cc(99)] thread ID 24312 not found in process
[0125/020319.184:ERROR:process_reader_win.cc(151)] SuspendThread: Access is denied. (0x5)
[0125/020319.184:ERROR:process_reader_win.cc(151)] SuspendThread: Access is denied. (0x5)
[0125/020319.184:ERROR:process_reader_win.cc(151)] SuspendThread: Access is denied. (0x5)
[0125/020319.184:ERROR:process_reader_win.cc(151)] SuspendThread: Access is denied. (0x5)
[0125/020319.184:ERROR:process_reader_win.cc(151)] SuspendThread: Access is denied. (0x5)
[0125/020319.184:ERROR:process_reader_win.cc(151)] SuspendThread: Access is denied. (0x5)
[0125/020319.184:ERROR:process_reader_win.cc(151)] SuspendThread: Access is denied. (0x5)
[0125/020319.184:ERROR:process_reader_win.cc(151)] SuspendThread: Access is denied. (0x5)
[0125/020319.184:ERROR:process_reader_win.cc(151)] SuspendThread: Access is denied. (0x5)
[0125/020319.184:ERROR:process_reader_win.cc(151)] SuspendThread: Access is denied. (0x5)
[0125/020319.184:ERROR:process_reader_win.cc(151)] SuspendThread: Access is denied. (0x5)
[0125/020319.184:ERROR:process_reader_win.cc(151)] SuspendThread: Access is denied. (0x5)
[0125/020319.184:ERROR:process_reader_win.cc(151)] SuspendThread: Access is denied. (0x5)
[0125/020319.184:ERROR:process_reader_win.cc(123)] NtOpenThread: {Access Denied} A process has requested access to an object, but has not been granted those access rights. (0xc0000022)
[0125/020319.184:ERROR:exception_snapshot_win.cc(99)] thread ID 13572 not found in process
[0125/020319.224:ERROR:process_reader_win.cc(151)] SuspendThread: Access is denied. (0x5)
[0125/020319.224:ERROR:process_reader_win.cc(151)] SuspendThread: Access is denied. (0x5)
[0125/020319.224:ERROR:process_reader_win.cc(151)] SuspendThread: Access is denied. (0x5)
[0125/020319.224:ERROR:process_reader_win.cc(151)] SuspendThread: Access is denied. (0x5)
[0125/020319.224:ERROR:process_reader_win.cc(151)] SuspendThread: Access is denied. (0x5)
[0125/020319.224:ERROR:process_reader_win.cc(151)] SuspendThread: Access is denied. (0x5)
[0125/020319.224:ERROR:process_reader_win.cc(151)] SuspendThread: Access is denied. (0x5)
[0125/020319.232:ERROR:process_reader_win.cc(151)] SuspendThread: Access is denied. (0x5)
[0125/020319.232:ERROR:process_reader_win.cc(151)] SuspendThread: Access is denied. (0x5)
[0125/020319.232:ERROR:process_reader_win.cc(151)] SuspendThread: Access is denied. (0x5)
[0125/020319.232:ERROR:process_reader_win.cc(151)] SuspendThread: Access is denied. (0x5)
[0125/020319.232:ERROR:process_reader_win.cc(151)] SuspendThread: Access is denied. (0x5)
[0125/020319.232:ERROR:process_reader_win.cc(151)] SuspendThread: Access is denied. (0x5)
[0125/020319.232:ERROR:process_reader_win.cc(151)] SuspendThread: Access is denied. (0x5)
[0125/020319.232:ERROR:process_reader_win.cc(151)] SuspendThread: Access is denied. (0x5)
[0125/020319.232:ERROR:process_reader_win.cc(151)] SuspendThread: Access is denied. (0x5)
[0125/020319.232:ERROR:process_reader_win.cc(123)] NtOpenThread: {Access Denied} A process has requested access to an object, but has not been granted those access rights. (0xc0000022)
[0125/020319.232:ERROR:exception_snapshot_win.cc(99)] thread ID 22636 not found in process
[0125/020319.248:ERROR:process_reader_win.cc(151)] SuspendThread: Access is denied. (0x5)
[0125/020319.248:ERROR:process_reader_win.cc(151)] SuspendThread: Access is denied. (0x5)
[0125/020319.248:ERROR:process_reader_win.cc(151)] SuspendThread: Access is denied. (0x5)
[0125/020319.248:ERROR:process_reader_win.cc(151)] SuspendThread: Access is denied. (0x5)
[0125/020319.248:ERROR:process_reader_win.cc(151)] SuspendThread: Access is denied. (0x5)
[0125/020319.248:ERROR:process_reader_win.cc(151)] SuspendThread: Access is denied. (0x5)
[0125/020319.248:ERROR:process_reader_win.cc(151)] SuspendThread: Access is denied. (0x5)
[0125/020319.248:ERROR:process_reader_win.cc(151)] SuspendThread: Access is denied. (0x5)
[0125/020319.248:ERROR:process_reader_win.cc(151)] SuspendThread: Access is denied. (0x5)
[0125/020319.248:ERROR:process_reader_win.cc(151)] SuspendThread: Access is denied. (0x5)
[0125/020319.248:ERROR:process_reader_win.cc(151)] SuspendThread: Access is denied. (0x5)
[0125/020319.248:ERROR:process_reader_win.cc(151)] SuspendThread: Access is denied. (0x5)
[0125/020319.248:ERROR:process_reader_win.cc(123)] NtOpenThread: {Access Denied} A process has requested access to an object, but has not been granted those access rights. (0xc0000022)
[0125/020319.248:ERROR:exception_snapshot_win.cc(99)] thread ID 15764 not found in process
[0125/020319.288:ERROR:process_reader_win.cc(151)] SuspendThread: Access is denied. (0x5)
[0125/020319.288:ERROR:process_reader_win.cc(151)] SuspendThread: Access is denied. (0x5)
[0125/020319.288:ERROR:process_reader_win.cc(151)] SuspendThread: Access is denied. (0x5)
[0125/020319.288:ERROR:process_reader_win.cc(151)] SuspendThread: Access is denied. (0x5)
[0125/020319.288:ERROR:process_reader_win.cc(151)] SuspendThread: Access is denied. (0x5)
[0125/020319.288:ERROR:process_reader_win.cc(151)] SuspendThread: Access is denied. (0x5)
[0125/020319.288:ERROR:process_reader_win.cc(151)] SuspendThread: Access is denied. (0x5)
[0125/020319.288:ERROR:process_reader_win.cc(151)] SuspendThread: Access is denied. (0x5)
[0125/020319.288:ERROR:process_reader_win.cc(151)] SuspendThread: Access is denied. (0x5)
[0125/020319.288:ERROR:process_reader_win.cc(151)] SuspendThread: Access is denied. (0x5)
[0125/020319.288:ERROR:process_reader_win.cc(151)] SuspendThread: Access is denied. (0x5)
[0125/020319.288:ERROR:process_reader_win.cc(151)] SuspendThread: Access is denied. (0x5)
[0125/020319.288:ERROR:process_reader_win.cc(151)] SuspendThread: Access is denied. (0x5)
[0125/020319.288:ERROR:process_reader_win.cc(151)] SuspendThread: Access is denied. (0x5)
[0125/020319.288:ERROR:process_reader_win.cc(151)] SuspendThread: Access is denied. (0x5)
[0125/020319.288:ERROR:process_reader_win.cc(151)] SuspendThread: Access is denied. (0x5)
[0125/020319.288:ERROR:process_reader_win.cc(123)] NtOpenThread: {Access Denied} A process has requested access to an object, but has not been granted those access rights. (0xc0000022)
[0125/020319.288:ERROR:exception_snapshot_win.cc(99)] thread ID 26708 not found in process
[0125/020319.288:ERROR:process_reader_win.cc(151)] SuspendThread: Access is denied. (0x5)
[0125/020319.288:ERROR:process_reader_win.cc(151)] SuspendThread: Access is denied. (0x5)
[0125/020319.288:ERROR:process_reader_win.cc(151)] SuspendThread: Access is denied. (0x5)
[0125/020319.288:ERROR:process_reader_win.cc(151)] SuspendThread: Access is denied. (0x5)
[0125/020319.288:ERROR:process_reader_win.cc(151)] SuspendThread: Access is denied. (0x5)
[0125/020319.288:ERROR:process_reader_win.cc(151)] SuspendThread: Access is denied. (0x5)
[0125/020319.296:ERROR:process_reader_win.cc(151)] SuspendThread: Access is denied. (0x5)
[0125/020319.296:ERROR:process_reader_win.cc(151)] SuspendThread: Access is denied. (0x5)
[0125/020319.296:ERROR:process_reader_win.cc(151)] SuspendThread: Access is denied. (0x5)
[0125/020319.296:ERROR:process_reader_win.cc(151)] SuspendThread: Access is denied. (0x5)
[0125/020319.296:ERROR:process_reader_win.cc(151)] SuspendThread: Access is denied. (0x5)
[0125/020319.296:ERROR:process_reader_win.cc(151)] SuspendThread: Access is denied. (0x5)
[0125/020319.296:ERROR:process_reader_win.cc(151)] SuspendThread: Access is denied. (0x5)
[0125/020319.296:ERROR:process_reader_win.cc(151)] SuspendThread: Access is denied. (0x5)
[0125/020319.296:ERROR:process_reader_win.cc(151)] SuspendThread: Access is denied. (0x5)
[0125/020319.296:ERROR:process_reader_win.cc(151)] SuspendThread: Access is denied. (0x5)
[0125/020319.296:ERROR:process_reader_win.cc(151)] SuspendThread: Access is denied. (0x5)
[0125/020319.296:ERROR:process_reader_win.cc(151)] SuspendThread: Access is denied. (0x5)
[0125/020319.296:ERROR:process_reader_win.cc(123)] NtOpenThread: {Access Denied} A process has requested access to an object, but has not been granted those access rights. (0xc0000022)
[0125/020319.296:ERROR:exception_snapshot_win.cc(99)] thread ID 16496 not found in process
[0125/020319.344:ERROR:process_reader_win.cc(151)] SuspendThread: Access is denied. (0x5)
[0125/020319.344:ERROR:process_reader_win.cc(151)] SuspendThread: Access is denied. (0x5)
[0125/020319.344:ERROR:process_reader_win.cc(151)] SuspendThread: Access is denied. (0x5)
[0125/020319.344:ERROR:process_reader_win.cc(151)] SuspendThread: Access is denied. (0x5)
[0125/020319.344:ERROR:process_reader_win.cc(151)] SuspendThread: Access is denied. (0x5)
[0125/020319.344:ERROR:process_reader_win.cc(151)] SuspendThread: Access is denied. (0x5)
[0125/020319.344:ERROR:process_reader_win.cc(151)] SuspendThread: Access is denied. (0x5)
[0125/020319.344:ERROR:process_reader_win.cc(151)] SuspendThread: Access is denied. (0x5)
[0125/020319.344:ERROR:process_reader_win.cc(151)] SuspendThread: Access is denied. (0x5)
[0125/020319.344:ERROR:process_reader_win.cc(151)] SuspendThread: Access is denied. (0x5)
[0125/020319.344:ERROR:process_reader_win.cc(151)] SuspendThread: Access is denied. (0x5)
[0125/020319.344:ERROR:process_reader_win.cc(151)] SuspendThread: Access is denied. (0x5)
[0125/020319.344:ERROR:process_reader_win.cc(151)] SuspendThread: Access is denied. (0x5)
[0125/020319.344:ERROR:process_reader_win.cc(123)] NtOpenThread: {Access Denied} A process has requested access to an object, but has not been granted those access rights. (0xc0000022)
[0125/020319.344:ERROR:exception_snapshot_win.cc(99)] thread ID 28276 not found in process
[0125/020319.368:ERROR:process_reader_win.cc(151)] SuspendThread: Access is denied. (0x5)
[0125/020319.368:ERROR:process_reader_win.cc(151)] SuspendThread: Access is denied. (0x5)
[0125/020319.368:ERROR:process_reader_win.cc(151)] SuspendThread: Access is denied. (0x5)
[0125/020319.368:ERROR:process_reader_win.cc(151)] SuspendThread: Access is denied. (0x5)
[0125/020319.368:ERROR:process_reader_win.cc(151)] SuspendThread: Access is denied. (0x5)
[0125/020319.368:ERROR:process_reader_win.cc(151)] SuspendThread: Access is denied. (0x5)
[0125/020319.368:ERROR:process_reader_win.cc(151)] SuspendThread: Access is denied. (0x5)
[0125/020319.368:ERROR:process_reader_win.cc(151)] SuspendThread: Access is denied. (0x5)
[0125/020319.368:ERROR:process_reader_win.cc(151)] SuspendThread: Access is denied. (0x5)
[0125/020319.368:ERROR:process_reader_win.cc(151)] SuspendThread: Access is denied. (0x5)
[0125/020319.368:ERROR:process_reader_win.cc(151)] SuspendThread: Access is denied. (0x5)
[0125/020319.368:ERROR:process_reader_win.cc(151)] SuspendThread: Access is denied. (0x5)
[0125/020319.368:ERROR:process_reader_win.cc(151)] SuspendThread: Access is denied. (0x5)
[0125/020319.368:ERROR:process_reader_win.cc(151)] SuspendThread: Access is denied. (0x5)
[0125/020319.368:ERROR:process_reader_win.cc(151)] SuspendThread: Access is denied. (0x5)
[0125/020319.368:ERROR:process_reader_win.cc(123)] NtOpenThread: {Access Denied} A process has requested access to an object, but has not been granted those access rights. (0xc0000022)
[0125/020319.368:ERROR:exception_snapshot_win.cc(99)] thread ID 21520 not found in process
[0125/020319.392:ERROR:process_reader_win.cc(151)] SuspendThread: Access is denied. (0x5)
[0125/020319.392:ERROR:process_reader_win.cc(151)] SuspendThread: Access is denied. (0x5)
[0125/020319.392:ERROR:process_reader_win.cc(151)] SuspendThread: Access is denied. (0x5)
[0125/020319.392:ERROR:process_reader_win.cc(151)] SuspendThread: Access is denied. (0x5)
[0125/020319.392:ERROR:process_reader_win.cc(151)] SuspendThread: Access is denied. (0x5)
[0125/020319.392:ERROR:process_reader_win.cc(151)] SuspendThread: Access is denied. (0x5)
[0125/020319.392:ERROR:process_reader_win.cc(151)] SuspendThread: Access is denied. (0x5)
[0125/020319.392:ERROR:process_reader_win.cc(151)] SuspendThread: Access is denied. (0x5)
[0125/020319.392:ERROR:process_reader_win.cc(151)] SuspendThread: Access is denied. (0x5)
[0125/020319.400:ERROR:process_reader_win.cc(151)] SuspendThread: Access is denied. (0x5)
[0125/020319.400:ERROR:process_reader_win.cc(151)] SuspendThread: Access is denied. (0x5)
[0125/020319.400:ERROR:process_reader_win.cc(151)] SuspendThread: Access is denied. (0x5)
[0125/020319.400:ERROR:process_reader_win.cc(151)] SuspendThread: Access is denied. (0x5)
[0125/020319.400:ERROR:process_reader_win.cc(123)] NtOpenThread: {Access Denied} A process has requested access to an object, but has not been granted those access rights. (0xc0000022)
[0125/020319.400:ERROR:exception_snapshot_win.cc(99)] thread ID 9444 not found in process
[0125/020319.424:ERROR:process_reader_win.cc(151)] SuspendThread: Access is denied. (0x5)
[0125/020319.424:ERROR:process_reader_win.cc(151)] SuspendThread: Access is denied. (0x5)
[0125/020319.424:ERROR:process_reader_win.cc(151)] SuspendThread: Access is denied. (0x5)
[0125/020319.424:ERROR:process_reader_win.cc(151)] SuspendThread: Access is denied. (0x5)
[0125/020319.424:ERROR:process_reader_win.cc(151)] SuspendThread: Access is denied. (0x5)
[0125/020319.424:ERROR:process_reader_win.cc(151)] SuspendThread: Access is denied. (0x5)
[0125/020319.424:ERROR:process_reader_win.cc(151)] SuspendThread: Access is denied. (0x5)
[0125/020319.424:ERROR:process_reader_win.cc(151)] SuspendThread: Access is denied. (0x5)
[0125/020319.424:ERROR:process_reader_win.cc(151)] SuspendThread: Access is denied. (0x5)
[0125/020319.424:ERROR:process_reader_win.cc(151)] SuspendThread: Access is denied. (0x5)
[0125/020319.424:ERROR:process_reader_win.cc(151)] SuspendThread: Access is denied. (0x5)
[0125/020319.424:ERROR:process_reader_win.cc(151)] SuspendThread: Access is denied. (0x5)
[0125/020319.424:ERROR:process_reader_win.cc(151)] SuspendThread: Access is denied. (0x5)
[0125/020319.424:ERROR:process_reader_win.cc(151)] SuspendThread: Access is denied. (0x5)
[0125/020319.424:ERROR:process_reader_win.cc(151)] SuspendThread: Access is denied. (0x5)
[0125/020319.424:ERROR:process_reader_win.cc(151)] SuspendThread: Access is denied. (0x5)
[0125/020319.424:ERROR:process_reader_win.cc(123)] NtOpenThread: {Access Denied} A process has requested access to an object, but has not been granted those access rights. (0xc0000022)
[0125/020319.424:ERROR:exception_snapshot_win.cc(99)] thread ID 19560 not found in process
[0125/020319.432:ERROR:process_reader_win.cc(151)] SuspendThread: Access is denied. (0x5)
[0125/020319.432:ERROR:process_reader_win.cc(151)] SuspendThread: Access is denied. (0x5)
[0125/020319.432:ERROR:process_reader_win.cc(151)] SuspendThread: Access is denied. (0x5)
[0125/020319.432:ERROR:process_reader_win.cc(151)] SuspendThread: Access is denied. (0x5)
[0125/020319.432:ERROR:process_reader_win.cc(151)] SuspendThread: Access is denied. (0x5)
[0125/020319.432:ERROR:process_reader_win.cc(151)] SuspendThread: Access is denied. (0x5)
[0125/020319.432:ERROR:process_reader_win.cc(151)] SuspendThread: Access is denied. (0x5)
[0125/020319.432:ERROR:process_reader_win.cc(151)] SuspendThread: Access is denied. (0x5)
[0125/020319.432:ERROR:process_reader_win.cc(151)] SuspendThread: Access is denied. (0x5)
[0125/020319.432:ERROR:process_reader_win.cc(151)] SuspendThread: Access is denied. (0x5)
[0125/020319.432:ERROR:process_reader_win.cc(151)] SuspendThread: Access is denied. (0x5)
[0125/020319.432:ERROR:process_reader_win.cc(151)] SuspendThread: Access is denied. (0x5)
[0125/020319.432:ERROR:process_reader_win.cc(123)] NtOpenThread: {Access Denied} A process has requested access to an object, but has not been granted those access rights. (0xc0000022)
[0125/020319.432:ERROR:exception_snapshot_win.cc(99)] thread ID 4724 not found in process
